<?xml version="1.0" encoding="UTF-8"?>
<robot generator="Robot 3.2.2 (Python 3.8.0 on win32)" generated="20220609 16:21:52.209" rpa="false">
<suite id="s1" name="ProyekPKPL RobotFramework FoodSpot" source="C:\Users\asus\eclipse-workspace\ProyekPKPL_RobotFramework_FoodSpot">
<suite id="s1-s1" name="TestSuite" source="C:\Users\asus\eclipse-workspace\ProyekPKPL_RobotFramework_FoodSpot\TestSuite">
<suite id="s1-s1-s1" name="TestCase02 Search" source="C:\Users\asus\eclipse-workspace\ProyekPKPL_RobotFramework_FoodSpot\TestSuite\TestCase02_Search.robot">
<test id="s1-s1-s1-t1" name="TestCaseOne_Search">
<kw name="Log" library="BuiltIn">
<doc>Logs the given message with the given level.</doc>
<arguments>
<arg>Test using valid search</arg>
</arguments>
<msg timestamp="20220609 16:21:52.469" level="INFO">Test using valid search</msg>
<status status="PASS" starttime="20220609 16:21:52.468" endtime="20220609 16:21:52.469"></status>
</kw>
<kw name="Open Browser" library="SeleniumLibrary">
<doc>Opens a new browser instance to the optional ``url``.</doc>
<arguments>
<arg>https://foodspot.co.id/login</arg>
<arg>chrome</arg>
</arguments>
<msg timestamp="20220609 16:21:52.470" level="INFO">Opening browser 'chrome' to base url 'https://foodspot.co.id/login'.</msg>
<status status="PASS" starttime="20220609 16:21:52.469" endtime="20220609 16:21:54.566"></status>
</kw>
<kw name="Set Selenium Implicit Wait" library="SeleniumLibrary">
<doc>Sets the implicit wait value used by Selenium.</doc>
<arguments>
<arg>5</arg>
</arguments>
<status status="PASS" starttime="20220609 16:21:54.566" endtime="20220609 16:21:54.567"></status>
</kw>
<kw name="Input Text" library="SeleniumLibrary">
<doc>Types the given ``text`` into the text field identified by ``locator``.</doc>
<arguments>
<arg>username</arg>
<arg>testingpkpl@gmail.com</arg>
</arguments>
<msg timestamp="20220609 16:21:54.568" level="INFO">Typing text 'testingpkpl@gmail.com' into text field 'username'.</msg>
<status status="PASS" starttime="20220609 16:21:54.567" endtime="20220609 16:21:54.643"></status>
</kw>
<kw name="Input Password" library="SeleniumLibrary">
<doc>Types the given password into the text field identified by ``locator``.</doc>
<arguments>
<arg>password</arg>
<arg>12345678</arg>
</arguments>
<msg timestamp="20220609 16:21:54.644" level="INFO">Typing password into text field 'password'.</msg>
<msg timestamp="20220609 16:21:54.671" level="INFO">Temporally setting log level to: NONE</msg>
<msg timestamp="20220609 16:21:54.700" level="INFO">Log level changed from NONE to INFO.</msg>
<status status="PASS" starttime="20220609 16:21:54.643" endtime="20220609 16:21:54.701"></status>
</kw>
<kw name="Click Button" library="SeleniumLibrary">
<doc>Clicks the button identified by ``locator``.</doc>
<arguments>
<arg>submit</arg>
</arguments>
<msg timestamp="20220609 16:21:54.701" level="INFO">Clicking button 'submit'.</msg>
<status status="PASS" starttime="20220609 16:21:54.701" endtime="20220609 16:22:00.884"></status>
</kw>
<kw name="Sleep" library="BuiltIn">
<doc>Pauses the test executed for the given time.</doc>
<arguments>
<arg>3</arg>
</arguments>
<msg timestamp="20220609 16:22:03.890" level="INFO">Slept 3 seconds</msg>
<status status="PASS" starttime="20220609 16:22:00.884" endtime="20220609 16:22:03.890"></status>
</kw>
<kw name="Input Text" library="SeleniumLibrary">
<doc>Types the given ``text`` into the text field identified by ``locator``.</doc>
<arguments>
<arg>//*[@id="click_input_menu1"]</arg>
<arg>kopi</arg>
</arguments>
<msg timestamp="20220609 16:22:03.891" level="INFO">Typing text 'kopi' into text field '//*[@id="click_input_menu1"]'.</msg>
<status status="PASS" starttime="20220609 16:22:03.890" endtime="20220609 16:22:03.968"></status>
</kw>
<kw name="Click Element" library="SeleniumLibrary">
<doc>Click the element identified by ``locator``.</doc>
<arguments>
<arg>//*[@id="price_range"]</arg>
</arguments>
<msg timestamp="20220609 16:22:03.969" level="INFO">Clicking element '//*[@id="price_range"]'.</msg>
<status status="PASS" starttime="20220609 16:22:03.968" endtime="20220609 16:22:04.023"></status>
</kw>
<kw name="Click Element" library="SeleniumLibrary">
<doc>Click the element identified by ``locator``.</doc>
<arguments>
<arg>//*[@id="price_range"]/option[3]</arg>
</arguments>
<msg timestamp="20220609 16:22:04.024" level="INFO">Clicking element '//*[@id="price_range"]/option[3]'.</msg>
<status status="PASS" starttime="20220609 16:22:04.024" endtime="20220609 16:22:04.057"></status>
</kw>
<kw name="Click Button" library="SeleniumLibrary">
<doc>Clicks the button identified by ``locator``.</doc>
<arguments>
<arg>dontmove</arg>
</arguments>
<msg timestamp="20220609 16:22:04.058" level="INFO">Clicking button 'dontmove'.</msg>
<status status="PASS" starttime="20220609 16:22:04.058" endtime="20220609 16:22:13.885"></status>
</kw>
<kw name="Sleep" library="BuiltIn">
<doc>Pauses the test executed for the given time.</doc>
<arguments>
<arg>5</arg>
</arguments>
<msg timestamp="20220609 16:22:18.888" level="INFO">Slept 5 seconds</msg>
<status status="PASS" starttime="20220609 16:22:13.886" endtime="20220609 16:22:18.888"></status>
</kw>
<kw name="Close Browser" library="SeleniumLibrary">
<doc>Closes the current browser.</doc>
<status status="PASS" starttime="20220609 16:22:18.888" endtime="20220609 16:22:20.945"></status>
</kw>
<status status="PASS" starttime="20220609 16:21:52.467" endtime="20220609 16:22:20.946" critical="yes"></status>
</test>
<status status="PASS" starttime="20220609 16:21:52.271" endtime="20220609 16:22:20.948"></status>
</suite>
<status status="PASS" starttime="20220609 16:21:52.269" endtime="20220609 16:22:20.954"></status>
</suite>
<status status="PASS" starttime="20220609 16:21:52.244" endtime="20220609 16:22:20.958"></status>
</suite>
<statistics>
<total>
<stat pass="1" fail="0">Critical Tests</stat>
<stat pass="1" fail="0">All Tests</stat>
</total>
<tag>
</tag>
<suite>
<stat pass="1" fail="0" id="s1" name="ProyekPKPL RobotFramework FoodSpot">ProyekPKPL RobotFramework FoodSpot</stat>
<stat pass="1" fail="0" id="s1-s1" name="TestSuite">ProyekPKPL RobotFramework FoodSpot.TestSuite</stat>
<stat pass="1" fail="0" id="s1-s1-s1" name="TestCase02 Search">ProyekPKPL RobotFramework FoodSpot.TestSuite.TestCase02 Search</stat>
</suite>
</statistics>
<errors>
</errors>
</robot>
